---------------------------------------------------------------------------------------------
      name:  <unnamed>
       log:  C:\projects\tesis_cyv\data\processed\etiquetas_revision.log
  log type:  text
 opened on:  23 Jun 2025, 19:49:48

. 
. cd "$processed"
C:\projects\tesis_cyv\data\processed

. cls

. 
. log using "$logs/etiquetas_revision.log", text replace
log file already open
r(604);

end of do-file

r(604);

. do "C:\Users\SERGIO~1.CUA\AppData\Local\Temp\STD3d60_000000.tmp"

. cls

. clear

. global main "C:\projects\tesis_cyv"

. global data "$main/data"

. global raw "$data/raw"

. global processed "$data/processed"

. global logs "$main/docs/logs"

. set maxvar 10000


. 
. capture log close
