---------------------------------------------------------------------------------------------------------
      name:  <unnamed>
       log:  C:\projects\tesis_cyv/docs/logs/etiquetas_revision_2019-2020.dta.log
  log type:  text
 opened on:  20 Sep 2025, 20:01:47
============================================
👉 Revisando etiquetas en: 2019-2020.dta
============================================
Variable: p207_19 — Etiqueta: p207
p207:
           1 hombre
           2 mujer
Variable: p209_19 — Etiqueta: p209
p209:
           1 conviviente
           2 casado(a)
           3 viudo(a)
           4 divorciado(a)
           5 separado(a)
           6 soltero(a)
Variable: p501_19 — Etiqueta: p501
p501:
           1 si
           2 no
Variable: p507_19 — Etiqueta: p507
p507:
           1 empleador o patrono
           2 trabajador independiente
           3 empleado
           4 obrero
           5 trabajador familiar no remunerado
           6 trabajador del hogar
           7 otro
Variable: p510_19 — Etiqueta: p510
p510:
           1 fuerzas armadas, policía nacional del perú (militares)
           2 administración pública
           3 empresa pública
           5 empresas especiales de servicios (service)
           6 empresa o patrono privado
           7 otra
Variable: p510a1_19 — Etiqueta: p510a1
p510a1:
           1 persona jurídica (sociedad anónima; srl; sociedad civil; eirl; fundación ó asociación, etc.)
           2 persona natural (con ruc, rus, rer, u otro régimen)
           3 no esta registrado (no tiene ruc)
Variable: p510b_19 — Etiqueta: p510b
p510b:
           1 si
           2 no
Variable: p511a_19 — Etiqueta: p511a
p511a:
           1 contrato indefinido, nombrado, permanente
           2 contrato a plazo fijo (sujeto a modalidad)
           3 está en período de prueba
           4 convenios de formación laboral juvenil /prácticas pre-profesioanles
           5 contrato por locación de servicios (honorarios profesionales, ruc), snp
           6 regimen especial de contratación administrativa (cas)
           7 sin contrato
           8 otro
Variable: p512a_19 — Etiqueta: p512a
p512a:
           1 hasta 20 personas
           2 de 21 a 50 personas
           3 de 51 a 100 personas
           4 de 101 a 500 personas
           5 más de 500 personas
Variable: p514_19 — Etiqueta: p514
p514:
           1 si
           2 no
Variable: p519_19 — Etiqueta: p519
p519:
           1 si
           2 no
Variable: p521a_19 — Etiqueta: p521a
p521a:
           1 si
           2 no
Variable: p521c_19 — Etiqueta: p521c
p521c:
           1 si
           2 no
Variable: p528_19 — Etiqueta: p528
p528:
           1 si
           2 no
Variable: p558c_19 — Etiqueta: p558c
p558c:
           1 quechua
           2 aymara
           3 nativo o indígena de la amazonía
           4 negro/moreno/zambo/mulato/afroperuano
           5 blanco
           6 mestizo
           7 otro
           8 no sabe/no responde
           9 perteneciente o parte de otro pueblo indígena u originario
Variable: p558d_19 — Etiqueta: p558d
p558d:
           1 si
           2 no
           3 no sabe
Variable: ocupinf_19 — Etiqueta: ocupinf
ocupinf:
           1 empleo informal
           2 empleo formal
Variable: ocupinf_20 — Etiqueta: ocupinf
Variable: p300a_19 — Etiqueta: p300a
p300a:
           1 quechua
           2 aymará
           3 otra lengua nativa
           4 castellano
           6 portugués
           7 otra lengua extranjera
           8 no escucha/no habla
           9 lengua de señas peruanas
Variable: p301a_19 — Etiqueta: p301a
p301a:
           1 sin nivel
           2 educación inicial
           3 primaria incompleta
           4 primaria completa
           5 secundaria incompleta
           6 secundaria completa
           7 superior no universitaria incompleta
           8 superior no universitaria completa
           9 superior universitaria incompleta
          10 superior universitaria completa
          11 maestria/doctorado
          12 básica especial
Variable: p302_19 — Etiqueta: p302
p302:
           1 si
           2 no
Variable: p307_19 — Etiqueta: p307
p307:
           1 si
           2 no
Variable: p314a_19 — Etiqueta: p314a
p314a:
           1 si
           2 no
Variable: p401f_19 — Etiqueta: p401f
p401f:
           1 si
           2 no
           3 aún no había nacido
Variable: p401_19 — Etiqueta: p401
Variable: p4021_19 — Etiqueta: p4021
p4021:
           0 pase
           1 síntoma o malestar (tos, dolor de cabeza, fiebre, nauseas)?
Variable: p4022_19 — Etiqueta: p4022
p4022:
           0 pase
           1 enfermedad (gripe, colitis, etc)
Variable: p4023_19 — Etiqueta: p4023
p4023:
           0 pase
           1 recaída de enfermedad crónica
Variable: p4024_19 — Etiqueta: p4024
p4024:
           0 pase
           1 accidente
Variable: p4025_19 — Etiqueta: p4025
p4025:
           0 pase
           1 no tuvo enfermedad, síntoma, recaída, accidente
Variable: p4191_19 — Etiqueta: p4191
p4191:
           1 essalud
           2 no
Variable: p4192_19 — Etiqueta: p4192
p4192:
           1 seguro privado de salud
           2 no
Variable: p4193_19 — Etiqueta: p4193
p4193:
           1 entidad prestadora de salud
           2 no
Variable: p4194_19 — Etiqueta: p4194
p4194:
           1 seguro ff.aa./policiales
           2 no
Variable: p4195_19 — Etiqueta: p4195
p4195:
           1 seguro integral de salud (sis)
           2 no
Variable: p101_19 — Etiqueta: p101
p101:
           1 casa independiente
           2 departamento en edificio
           3 vivienda en quinta
           4 vivienda en casa de vecindad (callejón, solar o corralón)
           5 choza o cabaña
           6 vivienda improvisada
           7 local no destinado para habitación humana
           8 otro
Variable: p102_19 — Etiqueta: p102
p102:
           1 ladrillo o bloque de cemento
           2 piedra o sillar con cal o cemento
           3 adobe
           4 tapia
           5 quincha (caña con barro)
           6 piedra con barro
           7 madera (pona, tornillo, etc)
           8 triplay/calamina/estera
           9 otro material
Variable: p103_19 — Etiqueta: p103
p103:
           1 parquet o madera pulida
           2 láminas asfálticas, vinílicos o similares
           3 losetas, terrazos o similares
           4 madera (pona, tornillo, etc)
           5 cemento
           6 tierra
           7 otro material
Variable: p103a_19 — Etiqueta: p103a
p103a:
           1 concreto armado
           2 madera
           3 tejas
           4 planchas de calamina, fibra de cemento o similares
           5 caña o estera con torta de barro o cemento
           6 triplay/estera/carrizo
           7 paja, hojas de palmera
           8 otro material
Variable: p105a_19 — Etiqueta: p105a
p105a:
           1 alquilada
           2 propia, totalmente pagada
           3 propia, por invasión
           4 propia, comprándola a plazos
           5 cedida por el centro de trabajo
           6 cedida por otro hogar o institución
           7 otra forma
Variable: p106b_19 — Etiqueta: p106b
p106b:
           1 si
           2 no
Variable: p107b1_19 — Etiqueta: p107b1
p107b1:
           1 si
           2 no
Variable: p110_19 — Etiqueta: p110
p110:
           1 red pública, dentro de la vivienda
           2 red pública, fuera de la vivienda pero dentro del edificio
           3 pilón o pileta de uso público
           4 camión-cisterna u otro similar
           5 pozo (agua subterránea)
           6 manantial o puquio
           7 otra
           8 río, acequia, lago, laguna
Variable: p110a1_19 — Etiqueta: p110a1
p110a1:
           1 si
           2 no
Variable: p111a_19 — Etiqueta: p111a
p111a:
           1 red pública de desagüe dentro de la vivienda
           2 red pública de desagüe fuera de la vivienda pero dentro del edificio
           3 letrina (con tratamiento)
           4 pozo séptico, tanque septico o biodigestor
           5 pozo ciego o negro
           6 río, acequia, canal o similar
           7 otra
           9 campo abierto o al aire libre
Variable: p112a_19 — Etiqueta: p112a
p112a:
           1 con medidor de uso exclusivo para la vivienda
           2 con medidor de uso colectivo (para varias viviendas)
           3 otro
Variable: p1142_19 — Etiqueta: p1142
p1142:
           0 pase
           1 teléfono celular
Variable: p1144_19 — Etiqueta: p1144
p1144:
           0 pase
           1 conexión a internet
Variable: pobreza_19 — Etiqueta: pobreza
pobreza:
           1 pobre extremo
           2 pobre no extremo
           3 no pobre
      name:  <unnamed>
       log:  C:\projects\tesis_cyv/docs/logs/etiquetas_revision_2019-2020.dta.log
  log type:  text
 closed on:  20 Sep 2025, 20:01:47
---------------------------------------------------------------------------------------------------------
